0 0 0 0 0 0
30 2 3 0 0 0
60 8 8 0 0 0
90 16 14 0 0 0
120 25 22 0 0 0
150 35 30 0 0 0
180 44 40 0 0 0
210 55 50 0 0 0
240 66 60 0 0 0
270 76 71 0 0 0
300 87 82 0 0 0
330 98 92 0 0 0
360 109 102 0 0 0
390 120 112 0 0 0
420 131 123 0 0 0
450 142 133 0 0 0
480 153 143 0 0 0
510 164 154 0 0 0
540 174 164 0 0 0
570 185 175 0 0 0
600 196 186 0 0 0
630 207 197 0 0 0
660 218 208 0 0 0
690 229 220 0 0 0
720 240 231 0 0 0
750 251 242 0 0 0
780 262 252 0 0 0
810 273 263 0 0 0
840 285 274 0 0 0
870 296 286 0 0 0
900 308 296 0 0 0
930 320 307 0 0 0
960 331 318 0 0 0
990 342 328 0 0 0
1020 353 339 0 0 0
1050 364 349 0 0 0
1080 374 360 0 0 0
1110 385 370 0 0 0
1140 396 380 0 0 0
1170 407 390 0 0 0
1200 418 401 0 0 0
1230 428 411 0 0 0
1260 439 421 0 0 0
1290 450 432 0 0 0
1320 461 442 0 0 0
1350 472 453 0 0 0
1380 483 463 0 0 0
1410 494 473 0 0 0
1440 505 483 0 0 0
1470 516 493 0 0 0
1500 527 503 0 0 0
1530 537 514 0 0 0
1560 548 524 0 0 0
1590 559 535 0 0 0
1620 570 546 0 0 0
1650 580 557 0 0 0
1680 591 568 0 0 0
1710 602 579 0 0 0
1740 613 590 0 0 0
1770 624 601 0 0 0
1800 636 612 0 0 0
1830 647 623 0 0 0
1860 658 634 0 0 0
1890 670 645 0 0 0
1920 681 656 0 0 0
1950 693 664 0 0 0
1980 704 669 0 0 0
2010 715 671 0 0 0
2040 725 673 0 0 0
2070 736 673 0 0 0
2100 746 673 0 0 0
2130 756 673 0 0 0
2160 766 673 0 0 0
2190 776 673 0 0 0
2220 786 673 0 0 0
2250 797 673 0 0 0
2280 807 673 0 0 0
2310 818 673 0 0 0
2340 828 673 0 0 0
2370 838 673 0 0 0
2400 848 673 0 0 0
2430 859 673 0 0 0
2460 869 673 0 0 0
2490 879 673 0 0 0
2520 889 673 0 0 0
2550 899 673 0 0 0
2580 908 673 0 0 0
2610 918 673 0 0 0
2640 928 673 0 0 0
2670 938 673 0 0 0
2700 949 673 0 0 0
2730 959 673 0 0 0
2760 969 673 0 0 0
2790 979 673 0 0 0
2820 989 673 0 0 0
2850 999 675 0 0 0
2880 1010 681 0 0 0
2910 1020 689 0 0 0
2940 1030 697 0 0 0
2970 1041 706 0 0 0
3000 1052 715 0 0 0
3030 1063 725 0 0 0
3060 1074 734 0 0 0
3090 1085 744 0 0 0
3120 1096 753 0 0 0
3150 1107 762 0 0 0
3180 1118 772 0 0 0
3210 1130 781 0 0 0
3240 1141 791 0 0 0
3270 1153 800 0 0 0
3300 1164 810 0 0 0
3330 1176 819 0 0 0
3360 1187 829 0 0 0
3390 1198 838 0 0 0
3420 1210 848 0 0 0
3450 1222 857 0 0 0
3480 1233 867 0 0 0
3510 1244 876 0 0 0
3540 1256 886 0 0 0
3570 1267 896 0 0 0
3600 1278 906 0 0 0
3630 1290 916 0 0 0
3660 1301 927 0 0 0
3690 1312 937 0 0 0
3720 1324 947 0 0 0
3750 1335 958 0 0 0
3780 1347 968 0 0 0
3810 1358 978 0 0 0
3840 1370 989 0 0 0
3870 1382 999 0 0 0
3900 1394 1010 0 0 0
3930 1406 1020 0 0 0
3960 1417 1030 0 0 0
3990 1429 1041 0 0 0
4020 1440 1051 0 0 0
4050 1452 1061 0 0 0
4080 1463 1071 0 0 0
4110 1474 1080 0 0 0
4140 1485 1090 0 0 0
4170 1496 1100 0 0 0
4200 1508 1110 0 0 0
4230 1519 1119 0 0 0
4260 1530 1129 0 0 0
4290 1541 1139 0 0 0
4320 1552 1149 0 0 0
4350 1564 1159 0 0 0
4380 1575 1169 0 0 0
4410 1586 1179 0 0 0
4440 1597 1189 0 0 0
4470 1608 1198 0 0 0
4500 1620 1208 0 0 0
4530 1630 1218 0 0 0
4560 1642 1228 0 0 0
4590 1653 1238 0 0 0
4620 1664 1248 0 0 0
4650 1675 1258 0 0 0
4680 1686 1269 0 0 0
4710 1698 1280 0 0 0
4740 1709 1290 0 0 0
4770 1721 1299 0 0 0
4800 1732 1303 0 0 0
4830 1744 1305 0 0 0
4860 1755 1306 0 0 0
4890 1766 1307 0 0 0
4920 1776 1307 0 0 0
4950 1786 1307 0 0 0
4980 1796 1307 0 0 0
5010 1806 1307 0 0 0
5040 1816 1307 0 0 0
5070 1826 1307 0 0 0
5100 1836 1307 0 0 0
5130 1846 1307 0 0 0
5160 1856 1307 0 0 0
5190 1866 1307 0 0 0
5220 1877 1307 0 0 0
5250 1887 1307 0 0 0
5280 1898 1307 0 0 0
5310 1908 1307 0 0 0
5340 1918 1307 0 0 0
5370 1928 1307 0 0 0
5400 1939 1307 0 0 0
5430 1949 1307 0 0 0
5460 1959 1307 0 0 0
5490 1969 1307 0 0 0
5520 1979 1307 0 0 0
5550 1989 1307 0 0 0
5580 1999 1307 0 0 0
5610 2009 1307 0 0 0
5640 2019 1307 0 0 0
5670 2029 1309 0 0 0
5700 2039 1315 0 0 0
5730 2049 1323 0 0 0
5760 2059 1332 0 0 0
5790 2069 1342 0 0 0
5820 2080 1352 0 0 0
5850 2092 1362 0 0 0
5880 2103 1373 0 0 0
5910 2115 1383 0 0 0
5940 2127 1393 0 0 0
5970 2138 1403 0 0 0
6000 2150 1413 0 0 0
6030 2161 1423 0 0 0
6060 2172 1433 0 0 0
6090 2184 1443 0 0 0
6120 2195 1452 0 0 0
6150 2206 1462 0 0 0
6180 2217 1472 0 0 0
6210 2228 1482 0 0 0
6240 2240 1491 0 0 0
6270 2251 1501 0 0 0
6300 2262 1512 0 0 0
6330 2273 1522 0 0 0
6360 2284 1531 0 0 0
6390 2296 1541 0 0 0
6420 2307 1551 0 0 0
6450 2318 1560 0 0 0
6480 2330 1570 0 0 0
6510 2341 1579 0 0 0
6540 2352 1589 0 0 0
6570 2363 1599 0 0 0
6600 2375 1609 0 0 0
6630 2386 1620 0 0 0
6660 2397 1630 0 0 0
6690 2409 1640 0 0 0
6720 2420 1651 0 0 0
6750 2432 1661 0 0 0
6780 2444 1672 0 0 0
6810 2455 1682 0 0 0
6840 2467 1692 0 0 0
6870 2479 1703 0 0 0
6900 2491 1714 0 0 0
6930 2502 1724 0 0 0
6960 2514 1735 0 0 0
6990 2525 1745 0 0 0
7020 2536 1755 0 0 0
7050 2548 1766 0 0 0
7080 2559 1776 0 0 0
7110 2570 1786 0 0 0
7140 2582 1796 0 0 0
7170 2593 1806 0 0 0
7200 2605 1816 0 0 0
7230 2616 1826 0 0 0
7260 2627 1836 0 0 0
7290 2638 1846 0 0 0
7320 2650 1856 0 0 0
7350 2661 1865 0 0 0
7380 2672 1875 0 0 0
7410 2684 1885 0 0 0
7440 2695 1895 0 0 0
7470 2706 1905 0 0 0
7500 2717 1915 0 0 0
7530 2728 1925 0 0 0
7560 2739 1934 0 0 0
7590 2750 1942 0 0 0
7620 2761 1947 0 0 0
7650 2772 1949 0 0 0
7680 2783 1950 0 0 0
7710 2794 1951 0 0 0
7740 2804 1951 0 0 0
7770 2815 1951 0 0 0
7800 2825 1951 0 0 0
7830 2836 1951 0 0 0
7860 2846 1951 0 0 0
7890 2856 1951 0 0 0
7920 2867 1951 0 0 0
7950 2877 1951 0 0 0
7980 2887 1951 0 0 0
8010 2897 1951 0 0 0
8040 2907 1951 0 0 0
8070 2917 1951 0 0 0
8100 2927 1951 0 0 0
8130 2937 1951 0 0 0
8160 2947 1951 0 0 0
8190 2958 1951 0 0 0
8220 2968 1951 0 0 0
8250 2978 1951 0 0 0
8280 2989 1951 0 0 0
8310 2999 1951 0 0 0
8340 3009 1951 0 0 0
8370 3019 1951 0 0 0
8400 3030 1951 0 0 0
8430 3040 1951 0 0 0
8460 3050 1951 0 0 0
8490 3059 1953 0 0 0
8520 3069 1959 0 0 0
8550 3079 1967 0 0 0
8580 3089 1976 0 0 0
8610 3099 1985 0 0 0
8640 3110 1995 0 0 0
8670 3121 2006 0 0 0
8700 3132 2016 0 0 0
8730 3144 2027 0 0 0
8760 3156 2037 0 0 0
8790 3167 2047 0 0 0
8820 3179 2057 0 0 0
8850 3191 2067 0 0 0
8880 3203 2078 0 0 0
8910 3215 2089 0 0 0
8940 3226 2099 0 0 0
8970 3238 2109 0 0 0
9000 3249 2120 0 0 0
9030 3260 2130 0 0 0
9060 3272 2140 0 0 0
9090 3283 2150 0 0 0
9120 3295 2160 0 0 0
9150 3306 2170 0 0 0
9180 3317 2179 0 0 0
9210 3328 2189 0 0 0
9240 3340 2199 0 0 0
9270 3351 2209 0 0 0
9300 3362 2219 0 0 0
9330 3373 2229 0 0 0
9360 3384 2239 0 0 0
9390 3396 2249 0 0 0
9420 3407 2259 0 0 0
9450 3418 2268 0 0 0
9480 3429 2278 0 0 0
9510 3440 2288 0 0 0
9540 3451 2298 0 0 0
9570 3462 2308 0 0 0
9600 3473 2318 0 0 0
9630 3485 2328 0 0 0
9660 3496 2338 0 0 0
9690 3507 2349 0 0 0
9720 3519 2359 0 0 0
9750 3531 2370 0 0 0
9780 3542 2380 0 0 0
9810 3554 2391 0 0 0
9840 3566 2401 0 0 0
9870 3578 2412 0 0 0
9900 3589 2422 0 0 0
9930 3600 2433 0 0 0
9960 3612 2444 0 0 0
9990 3623 2454 0 0 0
10020 3634 2464 0 0 0
10050 3646 2475 0 0 0
10080 3657 2485 0 0 0
10110 3669 2495 0 0 0
10140 3680 2505 0 0 0
10170 3692 2516 0 0 0
10200 3703 2526 0 0 0
10230 3714 2535 0 0 0
10260 3725 2545 0 0 0
10290 3737 2555 0 0 0
10320 3748 2565 0 0 0
10350 3759 2575 0 0 0
10380 3770 2585 0 0 0
10410 3781 2593 0 0 0
10440 3792 2597 0 0 0
10470 3803 2599 0 0 0
10500 3813 2600 0 0 0
10530 3824 2600 0 0 0
10560 3834 2600 0 0 0
10590 3844 2599 0 0 0
10620 3854 2599 0 0 0
10650 3864 2599 0 0 0
10680 3875 2599 0 0 0
10710 3885 2599 0 0 0
10740 3896 2599 0 0 0
10770 3906 2599 0 0 0
10800 3917 2599 0 0 0
10830 3927 2599 0 0 0
10860 3937 2599 0 0 0
10890 3947 2599 0 0 0
10920 3957 2599 0 0 0
10950 3967 2599 0 0 0
10980 3977 2599 0 0 0
11010 3987 2599 0 0 0
11040 3997 2599 0 0 0
11070 4008 2599 0 0 0
11100 4018 2599 0 0 0
11130 4028 2599 0 0 0
11160 4038 2599 0 0 0
11190 4049 2599 0 0 0
11220 4059 2599 0 0 0
11250 4070 2599 0 0 0
11280 4080 2599 0 0 0
11310 4090 2601 0 0 0
11340 4101 2607 0 0 0
11370 4111 2615 0 0 0
11400 4121 2623 0 0 0
11430 4131 2632 0 0 0
11460 4142 2641 0 0 0
11490 4154 2651 0 0 0
11520 4165 2660 0 0 0
11550 4176 2670 0 0 0
11580 4187 2680 0 0 0
11610 4199 2690 0 0 0
11640 4210 2700 0 0 0
11670 4222 2710 0 0 0
11700 4233 2720 0 0 0
11730 4245 2731 0 0 0
11760 4257 2741 0 0 0
11790 4269 2751 0 0 0
11820 4280 2762 0 0 0
11850 4292 2772 0 0 0
11880 4304 2782 0 0 0
11910 4315 2793 0 0 0
11940 4327 2803 0 0 0
11970 4338 2814 0 0 0
12000 4349 2824 0 0 0
12030 4361 2834 0 0 0
12060 4372 2844 0 0 0
12090 4384 2854 0 0 0
12120 4396 2864 0 0 0
12150 4407 2874 0 0 0
12180 4418 2884 0 0 0
12210 4429 2894 0 0 0
12240 4441 2904 0 0 0
12270 4452 2914 0 0 0
12300 4463 2924 0 0 0
12330 4474 2934 0 0 0
12360 4485 2943 0 0 0
12390 4496 2953 0 0 0
12420 4507 2963 0 0 0
12450 4518 2973 0 0 0
12480 4529 2983 0 0 0
12510 4540 2992 0 0 0
12540 4552 3002 0 0 0
12570 4563 3012 0 0 0
12600 4574 3021 0 0 0
12630 4585 3031 0 0 0
12660 4596 3041 0 0 0
12690 4608 3051 0 0 0
12720 4619 3062 0 0 0
12750 4631 3072 0 0 0
12780 4642 3083 0 0 0
12810 4654 3094 0 0 0
12840 4665 3104 0 0 0
12870 4676 3114 0 0 0
12900 4688 3125 0 0 0
12930 4699 3135 0 0 0
12960 4710 3146 0 0 0
12990 4722 3156 0 0 0
13020 4733 3167 0 0 0
13050 4745 3177 0 0 0
13080 4756 3188 0 0 0
13110 4768 3198 0 0 0
13140 4780 3208 0 0 0
13170 4791 3218 0 0 0
13200 4802 3228 0 0 0
13230 4814 3236 0 0 0
13260 4825 3239 0 0 0
13290 4836 3241 0 0 0
13320 4847 3242 0 0 0
13350 4857 3242 0 0 0
13380 4867 3242 0 0 0
13410 4877 3242 0 0 0
13440 4887 3242 0 0 0
13470 4897 3242 0 0 0
13500 4907 3242 0 0 0
13530 4917 3242 0 0 0
13560 4927 3242 0 0 0
13590 4937 3242 0 0 0
13620 4947 3242 0 0 0
13650 4958 3242 0 0 0
13680 4968 3242 0 0 0
13710 4978 3242 0 0 0
13740 4989 3242 0 0 0
13770 4999 3242 0 0 0
13800 5010 3242 0 0 0
13830 5020 3242 0 0 0
13860 5030 3242 0 0 0
13890 5040 3242 0 0 0
13920 5049 3242 0 0 0
13950 5059 3242 0 0 0
13980 5069 3242 0 0 0
14010 5079 3242 0 0 0
14040 5089 3242 0 0 0
14070 5099 3242 0 0 0
14100 5110 3242 0 0 0
14130 5120 3244 0 0 0
14160 5130 3249 0 0 0
14190 5140 3256 0 0 0
14220 5151 3264 0 0 0
14250 5161 3273 0 0 0
14280 5172 3282 0 0 0
14310 5184 3291 0 0 0
14340 5195 3300 0 0 0
14370 5206 3309 0 0 0
14400 5217 3319 0 0 0
14430 5228 3328 0 0 0
14460 5239 3338 0 0 0
14490 5251 3347 0 0 0
14520 5262 3357 0 0 0
14550 5273 3366 0 0 0
14580 5285 3375 0 0 0
14610 5296 3385 0 0 0
14640 5307 3394 0 0 0
14670 5319 3404 0 0 0
14700 5330 3414 0 0 0
14730 5342 3424 0 0 0
14760 5354 3435 0 0 0
14790 5366 3445 0 0 0
14820 5377 3455 0 0 0
14850 5388 3466 0 0 0
14880 5400 3476 0 0 0
14910 5411 3486 0 0 0
14940 5422 3496 0 0 0
14970 5434 3506 0 0 0
15000 5445 3517 0 0 0
15030 5457 3527 0 0 0
15060 5468 3538 0 0 0
15090 5480 3548 0 0 0
15120 5492 3558 0 0 0
15150 5503 3568 0 0 0
15180 5514 3578 0 0 0
15210 5526 3589 0 0 0
15240 5537 3598 0 0 0
15270 5548 3608 0 0 0
15300 5560 3618 0 0 0
15330 5570 3628 0 0 0
15360 5581 3638 0 0 0
15390 5592 3648 0 0 0
15420 5603 3658 0 0 0
15450 5614 3668 0 0 0
15480 5625 3678 0 0 0
15510 5636 3688 0 0 0
15540 5648 3697 0 0 0
15570 5659 3707 0 0 0
15600 5670 3717 0 0 0
15630 5681 3726 0 0 0
15660 5693 3736 0 0 0
15690 5704 3746 0 0 0
15720 5716 3756 0 0 0
15750 5727 3766 0 0 0
15780 5738 3776 0 0 0
15810 5750 3786 0 0 0
15840 5761 3797 0 0 0
15870 5772 3808 0 0 0
15900 5783 3818 0 0 0
15930 5794 3829 0 0 0
15960 5806 3839 0 0 0
15990 5817 3850 0 0 0
16020 5828 3860 0 0 0
16050 5840 3869 0 0 0
16080 5851 3874 0 0 0
16110 5862 3876 0 0 0
16140 5873 3877 0 0 0
16170 5884 3878 0 0 0
16200 5894 3878 0 0 0
16230 5905 3878 0 0 0
16260 5914 3878 0 0 0
16290 5924 3878 0 0 0
16320 5934 3878 0 0 0
16350 5944 3878 0 0 0
16380 5954 3878 0 0 0
16410 5964 3878 0 0 0
16440 5974 3878 0 0 0
16470 5984 3878 0 0 0
16500 5994 3878 0 0 0
16530 6004 3878 0 0 0
16560 6014 3878 0 0 0
16590 6024 3878 0 0 0
16620 6034 3878 0 0 0
16650 6045 3878 0 0 0
16680 6055 3878 0 0 0
16710 6066 3878 0 0 0
16740 6076 3878 0 0 0
16770 6086 3878 0 0 0
16800 6097 3878 0 0 0
16830 6107 3878 0 0 0
16860 6117 3878 0 0 0
16890 6127 3878 0 0 0
16920 6137 3878 0 0 0
16950 6147 3880 0 0 0
16980 6157 3886 0 0 0
17010 6167 3894 0 0 0
17040 6177 3902 0 0 0
17070 6188 3912 0 0 0
17100 6199 3921 0 0 0
17130 6210 3931 0 0 0
17160 6221 3941 0 0 0
17190 6232 3951 0 0 0
17220 6244 3960 0 0 0
17250 6255 3970 0 0 0
17280 6266 3979 0 0 0
17310 6278 3989 0 0 0
17340 6289 3998 0 0 0
17370 6300 4007 0 0 0
17400 6311 4017 0 0 0
17430 6323 4027 0 0 0
17460 6334 4036 0 0 0
17490 6345 4046 0 0 0
17520 6357 4055 0 0 0
17550 6368 4065 0 0 0
17580 6380 4074 0 0 0
17610 6391 4084 0 0 0
17640 6403 4093 0 0 0
17670 6414 4103 0 0 0
17700 6426 4112 0 0 0
17730 6438 4122 0 0 0
17760 6449 4132 0 0 0
17790 6461 4142 0 0 0
17820 6472 4153 0 0 0
17850 6483 4163 0 0 0
17880 6494 4173 0 0 0
17910 6506 4184 0 0 0
17940 6517 4194 0 0 0
17970 6529 4204 0 0 0
18000 6540 4215 0 0 0
18030 6552 4225 0 0 0
18060 6563 4236 0 0 0
18090 6575 4246 0 0 0
18120 6586 4257 0 0 0
18150 6598 4267 0 0 0
18180 6610 4277 0 0 0
18210 6622 4287 0 0 0
18240 6633 4298 0 0 0
18270 6644 4308 0 0 0
18300 6656 4318 0 0 0
18330 6667 4328 0 0 0
18360 6678 4338 0 0 0
18390 6689 4348 0 0 0
18420 6700 4357 0 0 0
18450 6711 4368 0 0 0
18480 6722 4378 0 0 0
18510 6733 4388 0 0 0
18540 6744 4398 0 0 0
18570 6755 4408 0 0 0
18600 6767 4418 0 0 0
18630 6778 4428 0 0 0
18660 6790 4437 0 0 0
18690 6802 4447 0 0 0
18720 6813 4457 0 0 0
18750 6824 4467 0 0 0
18780 6835 4477 0 0 0
18810 6846 4487 0 0 0
18840 6857 4498 0 0 0
18870 6868 4506 0 0 0
18900 6880 4511 0 0 0
18930 6891 4513 0 0 0
18960 6902 4515 0 0 0
18990 6912 4515 0 0 0
19020 6923 4516 0 0 0
19050 6934 4516 0 0 0
19080 6944 4516 0 0 0
19110 6954 4516 0 0 0
19140 6965 4516 0 0 0
19170 6975 4516 0 0 0
19200 6985 4516 0 0 0
19230 6995 4516 0 0 0
19260 7005 4516 0 0 0
19290 7015 4516 0 0 0
19320 7025 4516 0 0 0
19350 7035 4516 0 0 0
19380 7045 4516 0 0 0
19410 7056 4516 0 0 0
19440 7066 4516 0 0 0
19470 7076 4516 0 0 0
19500 7086 4516 0 0 0
19530 7096 4516 0 0 0
19560 7106 4516 0 0 0
19590 7116 4516 0 0 0
19620 7127 4516 0 0 0
19650 7137 4516 0 0 0
19680 7148 4516 0 0 0
19710 7158 4516 0 0 0
19740 7169 4516 0 0 0
19770 7179 4518 0 0 0
19800 7189 4523 0 0 0
19830 7199 4532 0 0 0
19860 7208 4541 0 0 0
19890 7219 4550 0 0 0
19920 7229 4560 0 0 0
19950 7240 4570 0 0 0
19980 7252 4580 0 0 0
20010 7263 4591 0 0 0
20040 7274 4601 0 0 0
20070 7286 4612 0 0 0
20100 7298 4622 0 0 0
20130 7309 4633 0 0 0
20160 7321 4643 0 0 0
20190 7332 4653 0 0 0
20220 7344 4663 0 0 0
20250 7356 4672 0 0 0
20280 7367 4682 0 0 0
20310 7378 4692 0 0 0
20340 7389 4702 0 0 0
20370 7400 4712 0 0 0
20400 7411 4721 0 0 0
20430 7422 4731 0 0 0
20460 7433 4741 0 0 0
20490 7444 4752 0 0 0
20520 7455 4762 0 0 0
20550 7467 4771 0 0 0
20580 7478 4781 0 0 0
20610 7490 4791 0 0 0
20640 7501 4801 0 0 0
20670 7513 4810 0 0 0
20700 7524 4820 0 0 0
20730 7535 4830 0 0 0
20760 7547 4840 0 0 0
20790 7558 4850 0 0 0
20820 7569 4861 0 0 0
20850 7580 4871 0 0 0
20880 7591 4882 0 0 0
20910 7603 4892 0 0 0
20940 7614 4902 0 0 0
20970 7626 4913 0 0 0
21000 7637 4923 0 0 0
21030 7648 4934 0 0 0
21060 7660 4944 0 0 0
21090 7671 4955 0 0 0
21120 7683 4966 0 0 0
21150 7695 4976 0 0 0
21180 7706 4987 0 0 0
21210 7718 4997 0 0 0
21240 7729 5007 0 0 0
21270 7740 5017 0 0 0
21300 7752 5027 0 0 0
21330 7763 5037 0 0 0
21360 7774 5047 0 0 0
21390 7785 5057 0 0 0
21420 7796 5067 0 0 0
21450 7808 5077 0 0 0
21480 7818 5087 0 0 0
21510 7830 5097 0 0 0
21540 7841 5107 0 0 0
21570 7852 5117 0 0 0
21600 7864 5127 0 0 0
21630 7876 5137 0 0 0
21660 7887 5146 0 0 0
21690 7898 5154 0 0 0
21720 7909 5158 0 0 0
21750 7920 5160 0 0 0
21780 7930 5161 0 0 0
21810 7940 5161 0 0 0
21840 7951 5161 0 0 0
21870 7961 5161 0 0 0
21900 7971 5161 0 0 0
21930 7981 5161 0 0 0
21960 7992 5161 0 0 0
21990 8002 5161 0 0 0
22020 8012 5161 0 0 0
22050 8022 5161 0 0 0
22080 8033 5161 0 0 0
22110 8043 5161 0 0 0
22140 8053 5161 0 0 0
22170 8064 5161 0 0 0
22200 8074 5161 0 0 0
22230 8084 5161 0 0 0
22260 8094 5161 0 0 0
22290 8103 5161 0 0 0
22320 8113 5161 0 0 0
22350 8123 5161 0 0 0
22380 8133 5161 0 0 0
22410 8143 5161 0 0 0
22440 8154 5161 0 0 0
22470 8164 5161 0 0 0
22500 8174 5161 0 0 0
22530 8184 5161 0 0 0
22560 8194 5161 0 0 0
22590 8205 5163 0 0 0
22620 8215 5168 0 0 0
22650 8226 5176 0 0 0
22680 8236 5185 0 0 0
22710 8247 5194 0 0 0
22740 8258 5203 0 0 0
22770 8269 5213 0 0 0
22800 8280 5223 0 0 0
22830 8292 5234 0 0 0
22860 8303 5244 0 0 0
22890 8314 5254 0 0 0
22920 8325 5265 0 0 0
22950 8337 5275 0 0 0
22980 8348 5285 0 0 0
23010 8360 5296 0 0 0
23040 8372 5306 0 0 0
23070 8383 5316 0 0 0
23100 8395 5327 0 0 0
23130 8406 5338 0 0 0
23160 8418 5348 0 0 0
23190 8430 5358 0 0 0
23220 8441 5368 0 0 0
23250 8453 5378 0 0 0
23280 8464 5388 0 0 0
23310 8475 5398 0 0 0
23340 8486 5408 0 0 0
23370 8498 5418 0 0 0
23400 8509 5427 0 0 0
23430 8520 5437 0 0 0
23460 8531 5447 0 0 0
23490 8542 5457 0 0 0
23520 8553 5467 0 0 0
23550 8564 5477 0 0 0
23580 8576 5487 0 0 0
23610 8587 5497 0 0 0
23640 8598 5506 0 0 0
23670 8610 5516 0 0 0
23700 8621 5526 0 0 0
23730 8632 5536 0 0 0
23760 8643 5546 0 0 0
23790 8654 5555 0 0 0
23820 8665 5566 0 0 0
23850 8676 5576 0 0 0
23880 8687 5586 0 0 0
23910 8699 5597 0 0 0
23940 8710 5608 0 0 0
23970 8722 5618 0 0 0
24000 8733 5628 0 0 0
24030 8744 5639 0 0 0
24060 8756 5649 0 0 0
24090 8767 5660 0 0 0
24120 8779 5670 0 0 0
24150 8790 5681 0 0 0
24180 8802 5691 0 0 0
24210 8813 5702 0 0 0
24240 8824 5712 0 0 0
24270 8836 5722 0 0 0
24300 8847 5733 0 0 0
24330 8858 5743 0 0 0
24360 8870 5753 0 0 0
24390 8881 5763 0 0 0
24420 8892 5773 0 0 0
24450 8903 5782 0 0 0
24480 8915 5792 0 0 0
24510 8926 5800 0 0 0
24540 8937 5804 0 0 0
24570 8949 5805 0 0 0
24600 8960 5806 0 0 0
24630 8970 5806 0 0 0
24660 8980 5806 0 0 0
24690 8991 5806 0 0 0
24720 9001 5806 0 0 0
24750 9011 5806 0 0 0
24780 9021 5806 0 0 0
24810 9031 5806 0 0 0
24840 9041 5806 0 0 0
24870 9051 5806 0 0 0
24900 9061 5806 0 0 0
24930 9071 5806 0 0 0
24960 9081 5806 0 0 0
24990 9092 5806 0 0 0
25020 9102 5806 0 0 0
25050 9112 5806 0 0 0
25080 9122 5806 0 0 0
25110 9132 5806 0 0 0
25140 9143 5806 0 0 0
25170 9153 5806 0 0 0
25200 9163 5806 0 0 0
25230 9173 5806 0 0 0
25260 9182 5806 0 0 0
25290 9192 5806 0 0 0
25320 9202 5806 0 0 0
25350 9212 5806 0 0 0
25380 9222 5806 0 0 0
25410 9232 5808 0 0 0
25440 9242 5814 0 0 0
25470 9252 5822 0 0 0
25500 9263 5830 0 0 0
25530 9273 5839 0 0 0
25560 9284 5848 0 0 0
25590 9296 5857 0 0 0
25620 9307 5866 0 0 0
25650 9319 5876 0 0 0
25680 9330 5885 0 0 0
25710 9342 5894 0 0 0
25740 9353 5903 0 0 0
25770 9364 5913 0 0 0
25800 9375 5922 0 0 0
25830 9386 5933 0 0 0
25860 9398 5942 0 0 0
25890 9409 5953 0 0 0
25920 9420 5963 0 0 0
25950 9432 5974 0 0 0
25980 9444 5984 0 0 0
26010 9455 5994 0 0 0
26040 9466 6004 0 0 0
26070 9478 6015 0 0 0
26100 9489 6025 0 0 0
26130 9501 6035 0 0 0
26160 9512 6046 0 0 0
26190 9524 6056 0 0 0
26220 9535 6066 0 0 0
26250 9547 6077 0 0 0
26280 9558 6087 0 0 0
26310 9570 6097 0 0 0
26340 9581 6107 0 0 0
26370 9592 6117 0 0 0
26400 9604 6127 0 0 0
26430 9615 6136 0 0 0
26460 9626 6146 0 0 0
26490 9637 6156 0 0 0
26520 9649 6165 0 0 0
26550 9660 6175 0 0 0
26580 9671 6185 0 0 0
26610 9683 6195 0 0 0
26640 9694 6205 0 0 0
26670 9705 6215 0 0 0
26700 9716 6225 0 0 0
26730 9727 6234 0 0 0
26760 9738 6244 0 0 0
26790 9749 6254 0 0 0
26820 9760 6263 0 0 0
26850 9771 6273 0 0 0
26880 9782 6283 0 0 0
26910 9794 6294 0 0 0
26940 9805 6304 0 0 0
26970 9816 6315 0 0 0
27000 9828 6325 0 0 0
27030 9839 6336 0 0 0
27060 9850 6346 0 0 0
27090 9862 6357 0 0 0
27120 9873 6367 0 0 0
27150 9885 6377 0 0 0
27180 9896 6388 0 0 0
27210 9908 6398 0 0 0
27240 9919 6409 0 0 0
27270 9930 6420 0 0 0
27300 9942 6430 0 0 0
27330 9953 6438 0 0 0
27360 9965 6442 0 0 0
27390 9976 6444 0 0 0
27420 9987 6445 0 0 0
27450 9997 6445 0 0 0
27480 10008 6445 0 0 0
27510 10018 6445 0 0 0
27540 10029 6445 0 0 0
27570 10039 6445 0 0 0
27600 10049 6445 0 0 0
27630 10060 6445 0 0 0
27660 10070 6445 0 0 0
27690 10080 6445 0 0 0
27720 10090 6445 0 0 0
27750 10100 6445 0 0 0
27780 10110 6445 0 0 0
27810 10120 6445 0 0 0
27840 10130 6445 0 0 0
27870 10140 6445 0 0 0
27900 10150 6445 0 0 0
27930 10160 6445 0 0 0
27960 10171 6445 0 0 0
27990 10181 6445 0 0 0
28020 10191 6445 0 0 0
28050 10202 6445 0 0 0
28080 10212 6445 0 0 0
28110 10222 6445 0 0 0
28140 10232 6445 0 0 0
28170 10242 6445 0 0 0
28200 10252 6445 0 0 0
28230 10262 6448 0 0 0
28260 10271 6453 0 0 0
28290 10281 6461 0 0 0
28320 10291 6470 0 0 0
28350 10302 6478 0 0 0
28380 10312 6487 0 0 0
28410 10324 6497 0 0 0
28440 10335 6506 0 0 0
28470 10346 6515 0 0 0
28500 10358 6524 0 0 0
28530 10369 6534 0 0 0
28560 10381 6543 0 0 0
28590 10393 6552 0 0 0
28620 10404 6562 0 0 0
28650 10416 6571 0 0 0
28680 10427 6581 0 0 0
28710 10438 6590 0 0 0
28740 10450 6600 0 0 0
28770 10461 6609 0 0 0
28800 10472 6619 0 0 0
28830 10484 6628 0 0 0
28860 10495 6638 0 0 0
28890 10506 6648 0 0 0
28920 10518 6658 0 0 0
28950 10529 6668 0 0 0
28980 10540 6679 0 0 0
29010 10552 6689 0 0 0
29040 10564 6700 0 0 0
29070 10575 6710 0 0 0
29100 10587 6720 0 0 0
29130 10598 6730 0 0 0
29160 10610 6740 0 0 0
29190 10621 6751 0 0 0
29220 10633 6762 0 0 0
29250 10644 6772 0 0 0
29280 10656 6783 0 0 0
29310 10667 6793 0 0 0
29340 10679 6803 0 0 0
29370 10690 6813 0 0 0
29400 10702 6823 0 0 0
29430 10713 6833 0 0 0
29460 10724 6843 0 0 0
29490 10736 6853 0 0 0
29520 10748 6863 0 0 0
29550 10759 6873 0 0 0
29580 10770 6882 0 0 0
29610 10782 6892 0 0 0
29640 10793 6902 0 0 0
29670 10804 6912 0 0 0
29700 10815 6922 0 0 0
29730 10826 6932 0 0 0
29760 10837 6942 0 0 0
29790 10848 6952 0 0 0
29820 10860 6962 0 0 0
29850 10871 6971 0 0 0
29880 10882 6981 0 0 0
29910 10893 6991 0 0 0
29940 10904 7001 0 0 0
29970 10916 7012 0 0 0
30000 10927 7022 0 0 0
30030 10939 7033 0 0 0
30060 10950 7043 0 0 0
30090 10961 7054 0 0 0
30120 10973 7065 0 0 0
30150 10984 7073 0 0 0
30180 10995 7078 0 0 0
30210 11006 7080 0 0 0
30240 11017 7082 0 0 0
30270 11028 7082 0 0 0
30300 11038 7082 0 0 0
30330 11049 7082 0 0 0
30360 11059 7082 0 0 0
30390 11069 7082 0 0 0
30420 11080 7082 0 0 0
30450 11090 7082 0 0 0
30480 11101 7082 0 0 0
30510 11112 7082 0 0 0
30540 11122 7082 0 0 0
30570 11132 7082 0 0 0
30600 11143 7082 0 0 0
30630 11153 7082 0 0 0
30660 11163 7082 0 0 0
30690 11173 7082 0 0 0
30720 11183 7082 0 0 0
30750 11193 7082 0 0 0
30780 11203 7082 0 0 0
30810 11213 7082 0 0 0
30840 11223 7082 0 0 0
30870 11234 7082 0 0 0
30900 11244 7082 0 0 0
30930 11254 7082 0 0 0
30960 11265 7082 0 0 0
30990 11275 7082 0 0 0
31020 11285 7082 0 0 0
31050 11295 7084 0 0 0
31080 11305 7090 0 0 0
31110 11315 7098 0 0 0
31140 11326 7108 0 0 0
31170 11336 7118 0 0 0
31200 11347 7129 0 0 0
31230 11358 7139 0 0 0
31260 11369 7149 0 0 0
31290 11380 7160 0 0 0
31320 11392 7170 0 0 0
31350 11403 7180 0 0 0
31380 11414 7190 0 0 0
31410 11426 7200 0 0 0
31440 11437 7210 0 0 0
31470 11449 7219 0 0 0
31500 11461 7229 0 0 0
31530 11472 7238 0 0 0
31560 11484 7248 0 0 0
31590 11495 7257 0 0 0
31620 11507 7267 0 0 0
31650 11518 7277 0 0 0
31680 11529 7286 0 0 0
31710 11540 7296 0 0 0
31740 11552 7305 0 0 0
31770 11563 7315 0 0 0
31800 11574 7324 0 0 0
31830 11586 7334 0 0 0
31860 11597 7343 0 0 0
31890 11608 7353 0 0 0
31920 11620 7363 0 0 0
31950 11631 7374 0 0 0
31980 11642 7384 0 0 0
32010 11654 7394 0 0 0
32040 11665 7405 0 0 0
32070 11677 7415 0 0 0
32100 11688 7426 0 0 0
32130 11700 7436 0 0 0
32160 11711 7446 0 0 0
32190 11722 7456 0 0 0
32220 11734 7467 0 0 0
32250 11745 7478 0 0 0
32280 11757 7488 0 0 0
32310 11768 7499 0 0 0
32340 11780 7509 0 0 0
32370 11792 7519 0 0 0
32400 11804 7529 0 0 0
32430 11815 7539 0 0 0
32460 11827 7550 0 0 0
32490 11838 7560 0 0 0
32520 11850 7570 0 0 0
32550 11861 7579 0 0 0
32580 11872 7589 0 0 0
32610 11882 7599 0 0 0
32640 11893 7609 0 0 0
32670 11904 7619 0 0 0
32700 11915 7629 0 0 0
32730 11926 7640 0 0 0
32760 11937 7649 0 0 0
32790 11948 7659 0 0 0
32820 11960 7669 0 0 0
32850 11971 7679 0 0 0
32880 11982 7689 0 0 0
32910 11993 7699 0 0 0
32940 12004 7709 0 0 0
32970 12016 7716 0 0 0
33000 12027 7721 0 0 0
33030 12038 7723 0 0 0
33060 12049 7724 0 0 0
33090 12059 7724 0 0 0
33120 12069 7725 0 0 0
33150 12079 7725 0 0 0
33180 12089 7725 0 0 0
33210 12099 7725 0 0 0
33240 12109 7725 0 0 0
33270 12119 7725 0 0 0
33300 12130 7725 0 0 0
33330 12140 7725 0 0 0
33360 12150 7725 0 0 0
33390 12160 7725 0 0 0
33420 12171 7725 0 0 0
33450 12181 7725 0 0 0
33480 12192 7725 0 0 0
33510 12202 7725 0 0 0
33540 12212 7725 0 0 0
33570 12222 7725 0 0 0
33600 12232 7725 0 0 0
33630 12242 7725 0 0 0
33660 12252 7725 0 0 0
33690 12262 7725 0 0 0
33720 12272 7725 0 0 0
33750 12282 7725 0 0 0
33780 12293 7725 0 0 0
33810 12303 7725 0 0 0
33840 12313 7725 0 0 0
33870 12323 7727 0 0 0
33900 12334 7732 0 0 0
33930 12344 7740 0 0 0
33960 12354 7749 0 0 0
33990 12364 7759 0 0 0
34020 12375 7769 0 0 0
34050 12386 7779 0 0 0
34080 12398 7789 0 0 0
34110 12409 7800 0 0 0
34140 12420 7810 0 0 0
34170 12432 7820 0 0 0
34200 12443 7830 0 0 0
34230 12455 7841 0 0 0
34260 12466 7851 0 0 0
34290 12478 7862 0 0 0
34320 12490 7872 0 0 0
34350 12501 7882 0 0 0
34380 12513 7892 0 0 0
34410 12524 7902 0 0 0
34440 12536 7912 0 0 0
34470 12548 7922 0 0 0
34500 12560 7932 0 0 0
34530 12571 7942 0 0 0
34560 12582 7951 0 0 0
34590 12593 7961 0 0 0
34620 12604 7971 0 0 0
34650 12614 7980 0 0 0
34680 12626 7990 0 0 0
34710 12636 8000 0 0 0
34740 12648 8010 0 0 0
34770 12659 8020 0 0 0
34800 12670 8030 0 0 0
34830 12681 8039 0 0 0
34860 12692 8049 0 0 0
34890 12704 8059 0 0 0
34920 12715 8069 0 0 0
34950 12726 8079 0 0 0
34980 12737 8089 0 0 0
35010 12749 8099 0 0 0
35040 12760 8110 0 0 0
35070 12771 8120 0 0 0
35100 12782 8130 0 0 0
35130 12793 8141 0 0 0
35160 12805 8152 0 0 0
35190 12816 8162 0 0 0
35220 12827 8172 0 0 0
35250 12839 8183 0 0 0
35280 12850 8193 0 0 0
35310 12862 8204 0 0 0
35340 12874 8214 0 0 0
35370 12885 8225 0 0 0
35400 12897 8235 0 0 0
35430 12909 8245 0 0 0
35460 12921 8255 0 0 0
35490 12932 8265 0 0 0
35520 12944 8275 0 0 0
35550 12955 8285 0 0 0
35580 12966 8295 0 0 0
35610 12976 8304 0 0 0
35640 12988 8314 0 0 0
35670 12998 8324 0 0 0
35700 13009 8334 0 0 0
35730 13020 8344 0 0 0
35760 13031 8354 0 0 0
35790 13042 8362 0 0 0
35820 13054 8366 0 0 0
35850 13064 8368 0 0 0
35880 13075 8369 0 0 0
35910 13085 8369 0 0 0
35940 13096 8369 0 0 0
35970 13106 8369 0 0 0
36000 13116 8369 0 0 0
36030 13126 8369 0 0 0
36060 13136 8369 0 0 0
36090 13146 8369 0 0 0
36120 13156 8369 0 0 0
36150 13166 8369 0 0 0
36180 13176 8369 0 0 0
36210 13186 8369 0 0 0
36240 13196 8369 0 0 0
36270 13206 8369 0 0 0
36300 13216 8369 0 0 0
36330 13226 8369 0 0 0
36360 13236 8369 0 0 0
36390 13247 8369 0 0 0
36420 13257 8369 0 0 0
36450 13268 8369 0 0 0
36480 13278 8369 0 0 0
36510 13288 8369 0 0 0
36540 13298 8369 0 0 0
36570 13308 8369 0 0 0
36600 13318 8369 0 0 0
36630 13328 8369 0 0 0
36660 13338 8369 0 0 0
36690 13348 8371 0 0 0
36720 13358 8377 0 0 0
36750 13368 8385 0 0 0
36780 13378 8393 0 0 0
36810 13389 8402 0 0 0
36840 13400 8410 0 0 0
36870 13411 8419 0 0 0
36900 13422 8429 0 0 0
36930 13433 8438 0 0 0
36960 13445 8448 0 0 0
36990 13456 8458 0 0 0
37020 13467 8468 0 0 0
37050 13479 8479 0 0 0
37080 13490 8489 0 0 0
37110 13501 8499 0 0 0
37140 13512 8510 0 0 0
37170 13524 8520 0 0 0
37200 13535 8530 0 0 0
37230 13546 8541 0 0 0
37260 13558 8551 0 0 0
37290 13570 8562 0 0 0
37320 13581 8572 0 0 0
37350 13593 8582 0 0 0
37380 13605 8593 0 0 0
37410 13616 8603 0 0 0
37440 13628 8613 0 0 0
37470 13640 8623 0 0 0
37500 13652 8632 0 0 0
37530 13663 8642 0 0 0
37560 13674 8652 0 0 0
37590 13685 8662 0 0 0
37620 13696 8671 0 0 0
37650 13707 8681 0 0 0
37680 13718 8691 0 0 0
37710 13728 8701 0 0 0
37740 13740 8711 0 0 0
37770 13751 8721 0 0 0
37800 13762 8731 0 0 0
37830 13773 8741 0 0 0
37860 13784 8750 0 0 0
37890 13795 8760 0 0 0
37920 13806 8770 0 0 0
37950 13817 8780 0 0 0
37980 13828 8789 0 0 0
38010 13840 8799 0 0 0
38040 13851 8810 0 0 0
38070 13862 8820 0 0 0
38100 13873 8831 0 0 0
38130 13884 8841 0 0 0
38160 13895 8852 0 0 0
38190 13906 8862 0 0 0
38220 13918 8873 0 0 0
38250 13929 8883 0 0 0
38280 13941 8893 0 0 0
38310 13952 8904 0 0 0
38340 13964 8914 0 0 0
38370 13976 8925 0 0 0
38400 13988 8936 0 0 0
38430 13999 8946 0 0 0
38460 14011 8956 0 0 0
38490 14022 8966 0 0 0
38520 14034 8976 0 0 0
38550 14045 8986 0 0 0
38580 14056 8996 0 0 0
38610 14067 9004 0 0 0
38640 14078 9008 0 0 0
38670 14089 9010 0 0 0
38700 14100 9010 0 0 0
38730 14110 9011 0 0 0
38760 14121 9010 0 0 0
38790 14131 9010 0 0 0
38820 14141 9010 0 0 0
38850 14152 9010 0 0 0
38880 14162 9010 0 0 0
38910 14172 9010 0 0 0
38940 14182 9010 0 0 0
38970 14192 9010 0 0 0
39000 14202 9010 0 0 0
39030 14212 9010 0 0 0
39060 14222 9010 0 0 0
39090 14232 9010 0 0 0
39120 14241 9010 0 0 0
39150 14251 9010 0 0 0
39180 14261 9010 0 0 0
39210 14271 9010 0 0 0
39240 14282 9010 0 0 0
39270 14292 9010 0 0 0
39300 14302 9010 0 0 0
39330 14312 9010 0 0 0
39360 14322 9010 0 0 0
39390 14333 9010 0 0 0
39420 14343 9010 0 0 0
39450 14354 9010 0 0 0
39480 14364 9010 0 0 0
39510 14374 9012 0 0 0
39540 14384 9018 0 0 0
39570 14394 9024 0 0 0
39600 14404 9032 0 0 0
39630 14415 9041 0 0 0
39660 14426 9050 0 0 0
39690 14437 9059 0 0 0
39720 14448 9068 0 0 0
39750 14459 9078 0 0 0
39780 14470 9087 0 0 0
39810 14482 9096 0 0 0
39840 14493 9106 0 0 0
39870 14504 9115 0 0 0
39900 14516 9124 0 0 0
39930 14527 9134 0 0 0
39960 14539 9143 0 0 0
39990 14550 9152 0 0 0
40020 14561 9162 0 0 0
40050 14573 9172 0 0 0
40080 14584 9182 0 0 0
40110 14595 9192 0 0 0
40140 14607 9203 0 0 0
40170 14618 9213 0 0 0
40200 14630 9224 0 0 0
40230 14641 9234 0 0 0
40260 14652 9244 0 0 0
40290 14664 9254 0 0 0
40320 14676 9265 0 0 0
40350 14687 9275 0 0 0
40380 14699 9286 0 0 0
40410 14711 9296 0 0 0
40440 14723 9307 0 0 0
40470 14734 9317 0 0 0
40500 14746 9327 0 0 0
40530 14758 9337 0 0 0
40560 14769 9347 0 0 0
40590 14780 9357 0 0 0
40620 14791 9367 0 0 0
40650 14802 9376 0 0 0
40680 14814 9386 0 0 0
40710 14825 9396 0 0 0
40740 14836 9406 0 0 0
40770 14847 9416 0 0 0
40800 14858 9426 0 0 0
40830 14869 9436 0 0 0
40860 14880 9446 0 0 0
40890 14892 9456 0 0 0
40920 14903 9466 0 0 0
40950 14914 9475 0 0 0
40980 14925 9485 0 0 0
41010 14936 9495 0 0 0
41040 14947 9505 0 0 0
41070 14958 9515 0 0 0
41100 14969 9525 0 0 0
41130 14980 9536 0 0 0
41160 14992 9546 0 0 0
41190 15003 9557 0 0 0
41220 15014 9568 0 0 0
41250 15026 9578 0 0 0
41280 15038 9589 0 0 0
41310 15049 9599 0 0 0
41340 15061 9610 0 0 0
41370 15073 9620 0 0 0
41400 15085 9631 0 0 0
41430 15096 9639 0 0 0
41460 15108 9644 0 0 0
41490 15119 9646 0 0 0
41520 15130 9647 0 0 0
41550 15140 9647 0 0 0
41580 15150 9647 0 0 0
41610 15160 9647 0 0 0
41640 15171 9647 0 0 0
41670 15181 9647 0 0 0
41700 15191 9647 0 0 0
41730 15202 9647 0 0 0
41760 15212 9647 0 0 0
41790 15222 9647 0 0 0
41820 15232 9647 0 0 0
41850 15243 9647 0 0 0
41880 15253 9647 0 0 0
41910 15263 9647 0 0 0
41940 15274 9647 0 0 0
41970 15284 9647 0 0 0
42000 15294 9647 0 0 0
42030 15304 9647 0 0 0
42060 15314 9647 0 0 0
42090 15323 9647 0 0 0
42120 15334 9647 0 0 0
42150 15344 9647 0 0 0
42180 15354 9647 0 0 0
42210 15364 9647 0 0 0
42240 15374 9647 0 0 0
42270 15384 9647 0 0 0
42300 15394 9647 0 0 0
42330 15405 9649 0 0 0
42360 15415 9655 0 0 0
42390 15426 9662 0 0 0
42420 15436 9671 0 0 0
42450 15447 9680 0 0 0
42480 15458 9689 0 0 0
42510 15469 9699 0 0 0
42540 15480 9709 0 0 0
42570 15491 9718 0 0 0
42600 15502 9728 0 0 0
42630 15514 9737 0 0 0
42660 15525 9746 0 0 0
42690 15536 9756 0 0 0
42720 15548 9765 0 0 0
42750 15559 9775 0 0 0
42780 15570 9784 0 0 0
42810 15582 9794 0 0 0
42840 15593 9803 0 0 0
42870 15604 9813 0 0 0
42900 15616 9822 0 0 0
42930 15628 9831 0 0 0
42960 15639 9841 0 0 0
42990 15650 9850 0 0 0
43020 15661 9859 0 0 0
43050 15672 9869 0 0 0
43080 15684 9879 0 0 0
43110 15695 9889 0 0 0
43140 15707 9899 0 0 0
43170 15718 9909 0 0 0
43200 15730 9920 0 0 0
43230 15741 9930 0 0 0
43260 15753 9941 0 0 0
43290 15764 9951 0 0 0
43320 15776 9961 0 0 0
43350 15788 9972 0 0 0
43380 15800 9982 0 0 0
43410 15812 9992 0 0 0
43440 15823 10003 0 0 0
43470 15834 10013 0 0 0
43500 15846 10024 0 0 0
43530 15857 10034 0 0 0
43560 15869 10044 0 0 0
43590 15880 10054 0 0 0
43620 15892 10064 0 0 0
43650 15903 10074 0 0 0
43680 15914 10084 0 0 0
43710 15926 10094 0 0 0
43740 15937 10104 0 0 0
43770 15948 10114 0 0 0
43800 15959 10124 0 0 0
43830 15970 10133 0 0 0
43860 15981 10143 0 0 0
43890 15992 10153 0 0 0
43920 16003 10163 0 0 0
43950 16014 10173 0 0 0
43980 16026 10183 0 0 0
44010 16036 10193 0 0 0
44040 16048 10203 0 0 0
44070 16058 10212 0 0 0
44100 16070 10222 0 0 0
44130 16081 10232 0 0 0
44160 16092 10243 0 0 0
44190 16103 10253 0 0 0
44220 16114 10264 0 0 0
44250 16126 10272 0 0 0
44280 16138 10277 0 0 0
44310 16149 10279 0 0 0
44340 16160 10281 0 0 0
44370 16171 10281 0 0 0
44400 16182 10281 0 0 0
44430 16192 10281 0 0 0
44460 16202 10281 0 0 0
44490 16212 10281 0 0 0
44520 16222 10281 0 0 0
44550 16232 10281 0 0 0
44580 16242 10281 0 0 0
44610 16252 10281 0 0 0
44640 16262 10281 0 0 0
44670 16272 10281 0 0 0
44700 16283 10281 0 0 0
44730 16293 10281 0 0 0
44760 16303 10281 0 0 0
44790 16313 10281 0 0 0
44820 16324 10281 0 0 0
44850 16334 10281 0 0 0
44880 16344 10281 0 0 0
44910 16354 10281 0 0 0
44940 16364 10281 0 0 0
