3 0 0 37
35 2 2 37
67 5 6 37
99 10 10 37
131 16 14 37
163 21 19 37
195 27 25 37
227 34 30 37
259 40 36 37
291 46 42 37
323 51 48 37
355 58 54 37
387 64 60 37
419 70 66 37
451 76 72 37
483 83 78 37
515 89 84 37
547 96 90 37
579 102 96 37
611 108 102 37
643 115 108 37
675 121 114 37
707 128 120 37
739 134 126 37
771 141 133 37
803 148 139 37
835 155 146 37
867 162 152 37
899 168 159 37
931 175 166 37
963 182 173 37
995 189 180 37
1027 196 186 37
1059 203 193 38
1091 210 200 37
1123 217 208 37
1155 224 214 37
1187 230 221 37
1219 237 228 37
1251 244 235 37
1283 251 242 37
1315 258 248 37
1347 264 255 37
1379 271 261 37
1411 278 268 37
1443 284 274 37
1475 291 281 37
1507 297 287 38
1539 304 294 38
1571 308 300 41
1603 310 306 40
1635 310 312 39
1667 310 318 39
1699 310 322 39
1731 310 327 39
1763 310 331 39
1795 310 335 39
1827 310 339 38
1859 310 344 38
1891 310 348 38
1923 310 351 38
1955 310 355 38
1987 310 359 38
2019 310 362 38
2051 310 366 38
2083 310 369 37
2115 310 373 37
2147 310 377 37
2179 310 380 37
2211 310 384 37
2243 310 388 37
2275 310 391 37
2307 310 395 38
2339 310 398 38
2371 310 402 38
2403 310 406 38
2435 310 409 38
2467 310 413 38
2499 310 416 38
2531 310 420 38
2563 310 423 38
2595 310 427 38
2627 310 431 38
2659 310 435 39
2691 310 438 39
2723 310 442 39
2755 310 445 39
2787 310 449 39
2819 310 452 40
2851 310 456 40
2883 310 459 40
2915 310 462 41
2947 310 466 41
2979 310 470 42
3011 310 474 63
3043 310 478 63
3075 310 481 63
3107 310 485 63
3139 310 489 63
3171 310 492 63
3203 310 496 63
3235 310 500 62
3267 310 504 63
3299 310 507 63
3331 310 511 63
3363 310 515 63
3395 310 519 62
3427 310 523 62
3459 310 527 50
3491 310 531 50
3523 310 535 62
3555 310 539 50
3587 310 543 49
3619 310 547 49
3651 310 551 63
3683 310 554 49
3715 310 559 48
3747 310 563 48
3779 310 567 49
3811 310 571 46
3843 310 575 47
3875 310 580 47
3907 310 584 46
3939 310 589 47
3971 310 593 46
4003 310 598 46
4035 310 602 46
4067 310 607 45
4099 310 612 45
4131 310 616 45
4163 310 621 45
4195 310 625 45
4227 310 629 45
4259 310 634 45
4291 310 639 45
4323 310 643 45
4355 310 648 44
4387 310 652 44
4419 310 656 44
4451 310 660 44
4483 310 664 44
4515 310 668 44
4547 310 672 44
4579 310 676 44
4611 310 680 44
4643 310 684 44
4675 310 688 44
4707 310 691 45
4739 310 695 44
4771 310 699 44
4803 310 703 44
4835 310 707 44
4867 310 710 44
4899 310 714 44
4931 310 717 44
4963 310 721 44
4995 310 725 44
5027 310 728 44
5059 310 732 44
5091 311 736 44
5123 315 740 44
5155 321 744 44
5187 327 748 44
5219 334 752 44
5251 340 758 44
5283 346 764 44
5315 353 770 44
5347 359 777 44
5379 365 783 44
5411 371 790 44
5443 377 796 45
5475 383 802 47
5507 389 809 48
5539 395 815 48
5571 401 821 48
5603 407 827 48
5635 412 834 45
5667 418 840 44
5699 424 846 44
5731 430 852 44
5763 436 859 43
5795 442 865 44
5827 448 871 43
5859 454 878 43
5891 460 885 43
5923 467 891 43
5955 474 898 43
5987 480 904 43
6019 487 911 43
6051 493 918 43
6083 500 925 42
6115 507 932 43
6147 514 939 43
6179 521 946 43
6211 528 953 43
6243 535 960 43
6275 542 967 43
6307 549 974 43
6339 555 982 42
6371 562 989 42
6403 569 996 42
6435 576 1003 43
6467 582 1010 43
6499 589 1017 43
6531 596 1024 43
6563 602 1030 43
6595 606 1037 42
6627 608 1043 42
6659 609 1049 43
6691 609 1055 43
6723 609 1059 43
6755 609 1063 43
6787 609 1067 43
6819 609 1070 43
6851 609 1074 43
6883 609 1078 43
6915 609 1081 43
6947 609 1085 43
6979 609 1089 43
7011 609 1092 43
7043 609 1096 43
7075 609 1099 43
7107 609 1103 43
7139 609 1106 43
7171 609 1110 43
7203 609 1114 43
7235 609 1117 43
7267 609 1120 43
7299 609 1124 43
7331 609 1127 43
7363 609 1131 43
7395 609 1134 44
7427 609 1137 44
7459 609 1141 44
7491 609 1144 44
7523 609 1147 44
7555 609 1151 44
7587 609 1154 44
7619 609 1157 44
7651 609 1160 44
7683 609 1163 44
7715 609 1166 44
7747 609 1169 44
7779 609 1172 45
7811 609 1175 45
7843 609 1178 45
7875 609 1181 45
7907 609 1184 45
7939 609 1187 45
7971 609 1190 45
8003 609 1193 45
8035 609 1197 45
8067 609 1200 46
8099 609 1203 46
8131 609 1206 46
8163 609 1210 46
8195 609 1214 47
8227 609 1218 46
8259 609 1221 46
8291 609 1225 48
8323 609 1228 49
8355 609 1232 47
8387 609 1236 46
8419 609 1241 48
8451 609 1245 49
8483 609 1249 48
8515 609 1253 48
8547 609 1257 49
8579 609 1262 49
8611 609 1266 49
8643 609 1270 49
8675 609 1274 35
8707 609 1278 33
8739 609 1283 32
8771 609 1287 32
8803 609 1291 31
8835 609 1295 31
8867 609 1300 31
8899 609 1304 31
8931 609 1309 31
8963 609 1314 31
8995 609 1318 31
9027 609 1323 30
9059 609 1327 30
9091 609 1332 29
9123 609 1336 29
9155 609 1340 29
9187 609 1345 29
9219 609 1349 29
9251 609 1354 29
9283 609 1358 29
9315 609 1362 29
9347 609 1367 29
9379 609 1371 28
9411 609 1375 28
9443 609 1379 28
9475 609 1384 28
9507 609 1388 28
9539 609 1392 28
9571 609 1396 28
9603 609 1400 28
9635 609 1404 28
9667 609 1408 27
9699 609 1412 27
9731 609 1415 27
9763 609 1419 27
9795 609 1422 27
9827 609 1425 27
9859 609 1428 27
9891 609 1432 27
9923 609 1435 27
9955 609 1438 27
9987 609 1441 27
10019 609 1444 27
10051 609 1448 27
10083 609 1451 27
10115 610 1454 27
10147 614 1457 27
10179 619 1460 27
10211 625 1464 27
10243 632 1468 27
10275 639 1473 27
10307 645 1479 27
10339 651 1486 27
10371 658 1492 27
10403 664 1498 27
10435 670 1505 27
10467 675 1511 27
10499 681 1517 27
10531 687 1524 27
10563 693 1530 27
10595 699 1535 27
10627 704 1541 27
10659 710 1548 27
10691 716 1554 27
10723 721 1560 27
10755 727 1566 27
10787 733 1572 27
10819 739 1578 26
10851 745 1585 26
10883 751 1591 26
10915 757 1598 26
10947 763 1604 26
10979 769 1611 26
11011 775 1617 26
11043 781 1624 26
11075 787 1630 26
11107 793 1637 26
11139 800 1644 26
11171 806 1651 26
11203 812 1657 26
11235 819 1664 26
11267 826 1671 26
11299 832 1677 26
11331 839 1684 26
11363 846 1691 26
11395 853 1698 26
11427 860 1704 26
11459 866 1711 26
11491 873 1718 26
11523 880 1725 26
11555 887 1732 26
11587 894 1739 26
11619 899 1746 26
11651 901 1753 26
11683 902 1759 25
11715 903 1765 26
11747 903 1770 26
11779 903 1775 25
11811 903 1779 25
11843 903 1783 25
11875 903 1786 25
11907 903 1790 26
11939 903 1793 26
11971 903 1796 26
12003 903 1799 26
12035 903 1803 26
12067 903 1806 26
12099 903 1809 26
12131 903 1812 26
12163 903 1816 26
12195 903 1819 26
12227 903 1822 26
12259 903 1825 26
12291 903 1829 26
12323 903 1832 26
12355 903 1835 26
12387 903 1838 26
12419 903 1841 26
12451 903 1845 26
12483 903 1848 26
12515 903 1851 26
12547 903 1854 26
12579 903 1858 26
12611 903 1861 26
12643 903 1865 26
12675 903 1868 27
12707 903 1872 27
12739 903 1875 27
12771 903 1879 27
12803 903 1882 26
12835 903 1885 26
12867 903 1888 27
12899 903 1891 26
12931 903 1894 27
12963 903 1897 27
12995 903 1900 27
13027 903 1903 27
13059 903 1906 27
13091 903 1909 27
13123 903 1913 28
13155 903 1916 27
13187 903 1919 27
13219 903 1922 28
13251 903 1925 28
13283 903 1929 28
13315 903 1933 28
13347 903 1937 28
13379 903 1941 28
13411 903 1945 29
13443 903 1948 28
13475 903 1952 29
13507 903 1956 30
13539 903 1960 28
13571 903 1965 31
13603 903 1969 28
13635 903 1973 32
13667 903 1977 29
13699 903 1982 31
13731 903 1986 28
13763 903 1990 27
13795 903 1994 26
13827 903 1998 26
13859 903 2003 26
13891 903 2008 25
13923 903 2012 25
13955 903 2017 24
13987 903 2022 25
14019 903 2027 24
14051 903 2032 24
14083 903 2036 24
14115 903 2040 23
14147 903 2045 23
14179 903 2049 23
14211 903 2053 22
14243 903 2057 22
14275 903 2061 22
14307 903 2065 22
14339 903 2069 22
14371 903 2073 22
14403 903 2077 22
14435 903 2081 22
14467 903 2085 22
14499 903 2089 22
14531 903 2093 22
14563 903 2097 22
14595 903 2101 21
14627 903 2104 21
14659 903 2108 21
14691 903 2112 21
14723 903 2115 21
14755 903 2119 21
14787 903 2122 21
14819 903 2126 21
14851 903 2129 21
14883 903 2133 21
14915 903 2136 21
14947 903 2140 21
14979 903 2144 21
15011 903 2148 21
15043 903 2151 21
15075 903 2154 21
15107 903 2158 21
15139 904 2161 21
15171 908 2164 21
15203 913 2168 21
15235 920 2172 21
15267 927 2176 21
15299 934 2181 21
15331 940 2186 21
15363 947 2192 20
15395 954 2198 20
15427 960 2205 20
15459 966 2211 20
15491 972 2217 20
15523 978 2224 20
15555 984 2230 20
15587 991 2236 21
15619 997 2242 21
15651 1003 2248 20
15683 1009 2254 20
15715 1015 2260 20
15747 1021 2266 20
15779 1027 2272 20
15811 1032 2278 20
15843 1038 2284 20
15875 1044 2290 20
15907 1050 2296 20
15939 1056 2302 20
15971 1062 2308 20
16003 1068 2314 20
16035 1074 2320 20
16067 1080 2327 20
16099 1086 2333 20
16131 1092 2339 20
16163 1098 2345 20
16195 1104 2352 20
16227 1110 2358 20
16259 1116 2365 20
16291 1123 2372 20
16323 1129 2378 20
16355 1135 2384 20
16387 1142 2391 19
16419 1148 2397 20
16451 1155 2404 20
16483 1161 2410 20
16515 1168 2416 20
16547 1174 2423 20
16579 1181 2429 19
16611 1187 2436 19
16643 1192 2442 20
16675 1194 2449 20
16707 1195 2455 20
16739 1195 2461 20
16771 1195 2466 20
16803 1196 2470 20
16835 1196 2475 20
16867 1196 2479 20
16899 1196 2483 20
16931 1196 2487 20
16963 1196 2491 19
16995 1196 2494 19
17027 1196 2498 20
17059 1196 2502 20
17091 1196 2505 19
17123 1196 2509 19
17155 1196 2512 20
17187 1196 2516 20
17219 1196 2519 20
17251 1196 2522 19
17283 1196 2526 20
17315 1196 2529 20
17347 1196 2532 19
17379 1196 2535 20
17411 1196 2539 20
17443 1196 2542 19
17475 1196 2545 20
17507 1196 2548 19
17539 1196 2551 19
17571 1196 2554 20
17603 1196 2558 20
17635 1196 2561 20
17667 1196 2564 20
17699 1196 2568 20
17731 1196 2571 20
17763 1196 2574 20
17795 1196 2578 20
17827 1196 2581 20
17859 1196 2585 20
17891 1196 2588 20
17923 1196 2592 20
17955 1196 2596 20
17987 1196 2599 20
18019 1196 2603 20
18051 1196 2606 20
18083 1196 2610 20
18115 1196 2613 20
18147 1196 2616 20
18179 1196 2619 20
18211 1196 2622 20
18243 1196 2626 20
18275 1196 2629 21
18307 1196 2633 21
18339 1196 2636 21
18371 1196 2640 21
18403 1196 2644 21
18435 1196 2648 21
18467 1196 2652 21
18499 1196 2656 21
18531 1196 2659 22
18563 1196 2663 22
18595 1196 2667 22
18627 1196 2671 22
18659 1196 2674 22
18691 1196 2678 22
18723 1196 2682 23
18755 1196 2686 23
18787 1196 2690 23
18819 1196 2694 23
18851 1196 2698 23
18883 1196 2703 23
18915 1196 2707 23
18947 1196 2711 23
18979 1196 2715 24
19011 1196 2719 24
19043 1196 2723 24
19075 1196 2728 25
19107 1196 2732 25
19139 1196 2736 26
19171 1196 2741 43
19203 1196 2746 41
19235 1196 2750 42
19267 1196 2755 42
19299 1196 2759 41
19331 1196 2764 40
19363 1196 2768 41
19395 1196 2773 41
19427 1196 2777 40
19459 1196 2782 40
19491 1196 2786 40
19523 1196 2790 40
19555 1196 2794 40
19587 1196 2799 40
19619 1196 2803 40
19651 1196 2807 40
19683 1196 2811 39
19715 1196 2815 40
19747 1196 2819 39
19779 1196 2823 39
19811 1196 2826 39
19843 1196 2830 39
19875 1196 2834 39
19907 1196 2838 39
19939 1196 2841 39
19971 1196 2845 39
20003 1196 2849 39
20035 1196 2852 39
20067 1196 2856 39
20099 1196 2859 39
20131 1196 2863 39
20163 1198 2866 39
20195 1202 2870 39
20227 1207 2873 39
20259 1214 2878 39
20291 1221 2882 39
20323 1229 2888 38
20355 1236 2893 38
20387 1243 2899 38
20419 1250 2904 38
20451 1256 2910 38
20483 1263 2917 38
20515 1270 2923 38
20547 1276 2929 38
20579 1283 2936 38
20611 1290 2943 38
20643 1296 2949 38
20675 1303 2955 38
20707 1310 2962 38
20739 1316 2968 38
20771 1322 2974 38
20803 1329 2980 38
20835 1335 2986 38
20867 1341 2992 38
20899 1347 2998 37
20931 1353 3004 38
20963 1359 3010 37
20995 1366 3017 37
21027 1372 3023 37
21059 1378 3029 37
21091 1384 3036 37
21123 1391 3042 37
21155 1397 3048 37
21187 1403 3054 37
21219 1410 3060 37
21251 1416 3067 37
21283 1422 3073 37
21315 1428 3079 37
21347 1434 3086 36
21379 1440 3092 36
21411 1446 3099 36
21443 1453 3105 36
21475 1459 3111 37
21507 1465 3117 37
21539 1472 3124 37
21571 1478 3130 36
21603 1484 3136 36
21635 1491 3142 36
21667 1495 3149 36
21699 1497 3155 36
21731 1498 3160 36
21763 1498 3166 36
21795 1498 3171 36
21827 1498 3176 36
21859 1498 3180 36
21891 1498 3184 35
21923 1498 3189 35
21955 1498 3192 36
21987 1498 3196 35
22019 1498 3200 35
22051 1498 3203 35
22083 1498 3207 35
22115 1498 3211 36
22147 1498 3215 36
22179 1498 3219 36
22211 1498 3222 36
22243 1498 3226 36
22275 1498 3230 36
22307 1498 3233 36
22339 1498 3237 36
22371 1498 3240 36
22403 1498 3244 36
22435 1498 3247 37
22467 1498 3251 37
22499 1498 3254 37
22531 1498 3258 37
22563 1498 3262 37
22595 1498 3265 38
22627 1498 3269 38
22659 1498 3272 38
22691 1498 3275 38
22723 1498 3278 38
22755 1498 3281 38
22787 1498 3285 38
22819 1498 3288 39
22851 1498 3291 39
22883 1498 3294 39
22915 1498 3298 39
22947 1498 3301 39
22979 1498 3304 39
23011 1498 3308 40
23043 1498 3311 40
23075 1498 3314 40
23107 1498 3318 40
23139 1498 3321 41
23171 1498 3324 42
23203 1498 3327 43
23235 1498 3331 45
23267 1498 3334 47
23299 1498 3337 39
23331 1498 3339 39
23363 1498 3343 39
23395 1498 3346 39
23427 1498 3349 39
23459 1498 3353 39
23491 1498 3357 39
23523 1498 3360 39
23555 1498 3363 39
23587 1498 3367 39
23619 1498 3371 39
23651 1498 3375 39
23683 1498 3379 40
23715 1498 3383 40
23747 1498 3387 41
23779 1498 3392 40
23811 1498 3396 41
23843 1498 3400 41
23875 1498 3405 41
23907 1498 3410 42
23939 1498 3414 42
23971 1498 3419 63
24003 1498 3423 64
24035 1498 3428 53
24067 1498 3432 52
24099 1498 3436 63
24131 1498 3441 51
24163 1498 3445 50
24195 1498 3450 52
24227 1498 3454 50
24259 1498 3459 50
24291 1498 3464 49
24323 1498 3468 49
24355 1498 3473 48
24387 1498 3478 48
24419 1498 3482 48
24451 1498 3486 48
24483 1498 3491 48
24515 1498 3496 47
24547 1498 3500 47
24579 1498 3505 47
24611 1498 3509 47
24643 1498 3514 47
24675 1498 3519 47
24707 1498 3523 47
24739 1498 3527 47
24771 1498 3531 46
24803 1498 3536 46
24835 1498 3540 46
24867 1498 3544 46
24899 1498 3549 46
24931 1498 3552 46
24963 1498 3556 46
24995 1498 3560 46
25027 1498 3564 46
25059 1498 3567 46
25091 1498 3571 46
25123 1498 3575 46
25155 1498 3578 46
25187 1499 3581 46
25219 1503 3585 46
25251 1508 3588 46
25283 1515 3592 46
25315 1522 3597 46
25347 1529 3601 46
25379 1536 3607 46
25411 1542 3612 46
25443 1548 3618 46
25475 1555 3624 46
25507 1561 3630 46
25539 1567 3637 46
25571 1574 3643 46
25603 1580 3649 45
25635 1587 3656 45
25667 1594 3662 46
25699 1600 3668 46
25731 1607 3675 46
25763 1614 3681 47
25795 1620 3687 52
25827 1627 3694 49
25859 1633 3700 49
25891 1640 3706 48
25923 1646 3712 47
25955 1653 3718 46
25987 1660 3725 46
26019 1666 3731 45
26051 1672 3738 45
26083 1679 3744 45
26115 1685 3751 45
26147 1692 3757 45
26179 1698 3764 44
26211 1705 3770 44
26243 1711 3776 44
26275 1717 3782 44
26307 1724 3788 44
26339 1730 3795 44
26371 1736 3801 44
26403 1743 3808 44
26435 1749 3814 44
26467 1756 3821 44
26499 1762 3827 44
26531 1769 3833 44
26563 1775 3839 44
26595 1781 3845 44
26627 1788 3851 44
26659 1794 3857 44
26691 1798 3863 44
26723 1800 3869 43
26755 1800 3874 43
26787 1800 3880 43
26819 1800 3885 43
26851 1800 3889 43
26883 1800 3893 43
26915 1800 3898 43
26947 1800 3902 43
26979 1800 3906 43
27011 1800 3909 43
27043 1800 3913 43
27075 1800 3916 43
27107 1800 3920 44
27139 1800 3924 44
27171 1800 3927 44
27203 1800 3930 44
27235 1800 3934 44
27267 1800 3937 44
27299 1800 3940 44
27331 1800 3944 44
27363 1800 3947 44
27395 1800 3951 44
27427 1800 3954 44
27459 1800 3957 44
27491 1800 3960 44
27523 1800 3963 44
27555 1800 3966 44
27587 1800 3969 44
27619 1800 3972 44
27651 1800 3976 44
27683 1800 3979 44
27715 1800 3982 44
27747 1800 3985 44
27779 1800 3989 44
27811 1800 3992 44
27843 1800 3995 44
27875 1800 3998 44
27907 1800 4002 44
27939 1800 4005 44
27971 1800 4009 44
28003 1800 4012 44
28035 1800 4015 45
28067 1800 4019 45
28099 1800 4023 45
28131 1800 4026 45
28163 1800 4030 45
28195 1800 4033 45
28227 1800 4037 45
28259 1800 4040 45
28291 1800 4043 46
28323 1800 4047 46
28355 1800 4050 45
28387 1800 4054 46
28419 1800 4057 46
28451 1800 4060 46
28483 1800 4063 46
28515 1800 4066 47
28547 1800 4069 47
28579 1800 4072 46
28611 1800 4076 47
28643 1800 4079 47
28675 1800 4083 47
28707 1800 4086 48
28739 1800 4090 46
28771 1800 4094 47
28803 1800 4098 48
28835 1800 4102 48
28867 1800 4106 48
28899 1800 4109 48
28931 1800 4114 47
28963 1800 4118 50
28995 1800 4123 49
29027 1800 4127 49
29059 1800 4132 49
29091 1800 4136 56
29123 1800 4140 56
29155 1800 4145 34
29187 1800 4149 34
29219 1800 4153 33
29251 1800 4157 33
29283 1800 4162 33
29315 1800 4167 32
29347 1800 4172 32
29379 1800 4176 32
29411 1800 4181 32
29443 1800 4186 31
29475 1800 4190 31
29507 1800 4195 31
29539 1800 4199 31
29571 1800 4203 31
29603 1800 4207 31
29635 1800 4211 30
29667 1800 4216 30
29699 1800 4220 30
29731 1800 4223 30
29763 1800 4227 30
29795 1800 4231 30
29827 1800 4235 30
29859 1800 4239 30
29891 1800 4243 30
29923 1800 4247 30
29955 1800 4251 30
29987 1800 4255 30
30019 1800 4259 30
30051 1800 4262 30
30083 1800 4266 30
30115 1800 4270 29
30147 1800 4273 29
30179 1800 4277 29
30211 1801 4281 29
30243 1805 4284 29
30275 1810 4288 29
30307 1816 4292 29
30339 1822 4296 29
30371 1828 4302 29
30403 1834 4308 29
30435 1840 4314 29
30467 1846 4320 29
30499 1851 4326 28
30531 1857 4332 28
30563 1863 4337 28
30595 1868 4343 28
30627 1874 4348 28
30659 1879 4354 28
30691 1885 4360 28
30723 1891 4366 28
30755 1897 4372 28
30787 1903 4377 28
30819 1909 4384 28
30851 1915 4390 28
30883 1921 4395 28
30915 1928 4401 28
30947 1934 4407 28
30979 1940 4413 28
31011 1947 4419 28
31043 1953 4425 28
31075 1960 4431 27
31107 1966 4437 27
31139 1973 4444 27
31171 1979 4450 28
31203 1986 4457 27
31235 1992 4463 27
31267 1999 4469 27
31299 2006 4476 27
31331 2012 4483 27
31363 2019 4489 27
31395 2026 4496 27
31427 2032 4503 27
31459 2039 4509 27
31491 2045 4516 27
31523 2052 4523 26
31555 2058 4530 27
31587 2065 4536 27
31619 2071 4543 27
31651 2078 4549 26
31683 2084 4555 27
31715 2089 4561 26
31747 2091 4568 26
31779 2091 4573 26
31811 2091 4579 26
31843 2091 4584 26
31875 2091 4588 26
31907 2091 4592 26
31939 2091 4596 26
31971 2091 4601 26
32003 2091 4605 26
32035 2091 4609 26
32067 2091 4613 26
32099 2091 4617 26
32131 2091 4621 26
32163 2091 4625 26
32195 2091 4629 26
32227 2091 4633 26
32259 2091 4636 26
32291 2091 4640 26
32323 2091 4644 26
32355 2091 4647 26
32387 2091 4651 26
32419 2091 4654 26
32451 2091 4658 26
32483 2091 4662 26
32515 2091 4666 26
32547 2091 4669 26
32579 2091 4673 26
32611 2091 4676 26
32643 2091 4679 26
32675 2091 4683 26
32707 2091 4686 26
32739 2091 4689 26
32771 2091 4692 26
32803 2091 4695 27
32835 2091 4698 27
32867 2091 4701 27
32899 2091 4704 27
32931 2091 4707 27
32963 2091 4710 27
32995 2091 4713 27
33027 2091 4716 27
33059 2091 4719 26
33091 2091 4722 27
33123 2091 4725 27
33155 2091 4729 27
33187 2091 4732 27
33219 2091 4735 27
33251 2091 4739 27
33283 2091 4743 27
33315 2091 4746 27
33347 2091 4750 27
33379 2091 4754 27
33411 2091 4758 28
33443 2091 4761 28
33475 2091 4764 28
33507 2091 4768 28
33539 2091 4771 28
33571 2091 4774 28
33603 2091 4777 29
33635 2091 4781 28
33667 2091 4784 28
33699 2091 4788 30
33731 2091 4791 28
33763 2091 4795 30
33795 2091 4799 30
33827 2091 4802 30
33859 2091 4805 36
33891 2091 4809 31
33923 2091 4812 29
33955 2091 4816 32
33987 2091 4820 30
34019 2091 4823 30
34051 2091 4827 33
34083 2091 4831 27
34115 2091 4835 26
34147 2091 4839 26
34179 2091 4843 27
34211 2091 4847 33
34243 2091 4851 26
34275 2091 4855 25
34307 2091 4860 25
34339 2091 4864 25
34371 2091 4868 25
34403 2091 4872 25
34435 2091 4876 24
34467 2091 4880 24
34499 2091 4885 23
34531 2091 4889 23
34563 2091 4893 23
34595 2091 4898 23
34627 2091 4902 23
34659 2091 4907 22
34691 2091 4912 22
34723 2091 4917 22
34755 2091 4921 22
34787 2091 4926 22
34819 2091 4930 22
34851 2091 4935 22
34883 2091 4939 22
34915 2091 4943 22
34947 2091 4947 21
34979 2091 4952 21
35011 2091 4956 21
35043 2091 4960 21
35075 2091 4964 21
35107 2091 4968 21
35139 2091 4972 21
35171 2091 4976 21
35203 2091 4981 21
35235 2092 4984 21
35267 2096 4988 21
35299 2101 4992 21
35331 2108 4995 21
35363 2114 5000 21
35395 2120 5005 21
35427 2126 5011 21
35459 2132 5018 21
35491 2137 5024 21
35523 2143 5030 21
35555 2149 5037 21
35587 2154 5043 21
35619 2160 5049 21
35651 2165 5054 21
35683 2171 5060 21
35715 2176 5066 21
35747 2182 5071 21
35779 2187 5077 20
35811 2193 5084 20
35843 2199 5090 20
35875 2204 5095 20
35907 2210 5101 20
35939 2215 5107 20
35971 2221 5113 20
36003 2227 5118 20
36035 2232 5124 20
36067 2238 5130 20
36099 2244 5135 20
36131 2250 5141 20
36163 2256 5147 20
36195 2262 5153 20
36227 2268 5159 20
36259 2274 5165 20
36291 2280 5171 20
36323 2286 5177 20
36355 2293 5183 20
36387 2299 5190 20
36419 2306 5196 20
36451 2312 5203 20
36483 2319 5209 20
36515 2326 5216 20
36547 2333 5223 20
36579 2339 5230 20
36611 2346 5237 20
36643 2353 5244 20
36675 2360 5251 20
36707 2366 5258 20
36739 2372 5265 20
36771 2374 5272 20
36803 2375 5278 20
36835 2375 5284 20
36867 2375 5290 20
36899 2375 5294 20
36931 2375 5299 20
36963 2375 5303 20
36995 2375 5308 20
37027 2375 5312 20
37059 2375 5316 20
37091 2375 5320 20
37123 2375 5324 20
37155 2375 5328 20
37187 2375 5332 20
37219 2375 5337 20
37251 2375 5341 20
37283 2375 5344 20
37315 2375 5348 20
37347 2375 5352 20
37379 2375 5355 20
37411 2375 5359 20
37443 2375 5362 20
37475 2375 5366 20
37507 2375 5370 20
37539 2375 5373 20
37571 2375 5377 20
37603 2375 5381 20
37635 2375 5384 20
37667 2375 5388 20
37699 2375 5391 20
37731 2375 5394 20
37763 2375 5398 20
37795 2375 5401 20
37827 2375 5405 20
37859 2375 5408 20
37891 2375 5411 20
37923 2375 5414 20
37955 2375 5418 20
37987 2375 5421 20
38019 2375 5424 20
38051 2375 5427 20
38083 2375 5430 21
38115 2375 5433 21
38147 2375 5435 20
38179 2375 5438 20
38211 2375 5442 20
38243 2375 5445 20
38275 2375 5448 21
38307 2375 5451 21
38339 2375 5454 21
38371 2375 5458 21
38403 2375 5461 21
38435 2375 5465 21
38467 2375 5468 21
38499 2375 5471 21
38531 2375 5475 21
38563 2375 5478 21
38595 2375 5481 22
38627 2375 5484 22
38659 2375 5487 22
38691 2375 5490 22
38723 2375 5493 22
38755 2375 5496 22
38787 2375 5499 22
38819 2375 5502 22
38851 2375 5505 23
38883 2375 5509 23
38915 2375 5512 23
38947 2375 5515 23
38979 2375 5519 23
39011 2375 5522 23
39043 2375 5526 23
39075 2375 5530 23
39107 2375 5534 24
39139 2375 5538 24
39171 2375 5542 24
39203 2375 5546 25
39235 2375 5550 25
39267 2375 5554 25
39299 2375 5558 27
39331 2375 5563 43
39363 2375 5567 44
39395 2375 5572 41
39427 2375 5576 40
39459 2375 5580 42
39491 2375 5585 42
39523 2375 5589 42
39555 2375 5593 41
39587 2375 5597 41
39619 2375 5602 41
39651 2375 5606 41
39683 2375 5611 40
39715 2375 5615 40
39747 2375 5620 40
39779 2375 5624 40
39811 2375 5629 40
39843 2375 5634 40
39875 2375 5638 39
39907 2375 5643 40
39939 2375 5648 40
39971 2375 5652 39
40003 2375 5657 39
40035 2375 5661 39
40067 2375 5666 39
40099 2375 5670 39
40131 2375 5674 39
40163 2375 5679 39
40195 2375 5683 39
40227 2375 5688 39
40259 2376 5692 38
40291 2380 5696 38
40323 2385 5701 38
40355 2391 5705 39
40387 2398 5709 38
40419 2404 5715 38
40451 2410 5721 38
40483 2416 5728 38
40515 2422 5734 39
40547 2428 5740 39
40579 2434 5747 38
40611 2440 5753 38
40643 2446 5760 38
40675 2452 5766 38
40707 2458 5772 38
40739 2463 5777 38
40771 2469 5783 38
40803 2474 5789 38
40835 2480 5794 38
40867 2485 5800 38
40899 2491 5806 38
40931 2496 5812 38
40963 2502 5817 38
40995 2508 5823 38
41027 2513 5829 38
41059 2519 5834 38
41091 2524 5840 38
41123 2530 5846 38
41155 2536 5851 38
41187 2541 5857 38
41219 2547 5863 38
41251 2553 5868 38
41283 2558 5874 38
41315 2564 5880 38
41347 2569 5886 38
41379 2575 5892 38
41411 2580 5898 37
41443 2586 5904 37
41475 2592 5910 37
41507 2598 5916 37
41539 2604 5922 37
41571 2611 5929 38
41603 2617 5935 38
41635 2623 5941 38
41667 2629 5948 38
41699 2636 5955 38
41731 2642 5962 37
41763 2647 5968 37
41795 2650 5975 37
41827 2651 5982 37
41859 2651 5988 37
41891 2651 5994 37
41923 2652 5999 37
41955 2652 6004 37
41987 2652 6009 37
42019 2652 6013 37
42051 2652 6018 37
42083 2652 6022 37
42115 2652 6026 37
42147 2652 6030 37
42179 2652 6035 37
42211 2652 6040 37
42243 2652 6044 37
42275 2652 6048 38
42307 2652 6052 38
42339 2652 6057 38
42371 2652 6061 38
42403 2652 6064 38
42435 2652 6068 39
42467 2652 6071 39
42499 2652 6075 40
42531 2652 6078 43
42563 2652 6081 43
42595 2652 6084 42
42627 2652 6087 42
42659 2652 6090 42
42691 2652 6093 42
42723 2652 6096 42
42755 2652 6099 42
42787 2652 6102 42
42819 2652 6105 42
42851 2652 6108 42
42883 2652 6111 42
42915 2652 6114 42
42947 2652 6116 42
42979 2652 6119 42
43011 2652 6122 42
43043 2652 6126 43
43075 2652 6129 43
43107 2652 6132 44
43139 2652 6135 44
43171 2652 6138 44
43203 2652 6141 44
43235 2652 6144 42
43267 2652 6148 42
43299 2652 6150 42
43331 2652 6153 41
43363 2652 6156 41
43395 2652 6159 41
43427 2652 6162 41
43459 2652 6166 41
43491 2652 6169 41
43523 2652 6172 41
43555 2652 6176 41
43587 2652 6179 41
43619 2652 6182 41
43651 2652 6186 41
43683 2652 6189 42
43715 2652 6192 42
43747 2652 6196 42
43779 2652 6199 42
43811 2652 6202 42
43843 2652 6205 42
43875 2652 6209 42
43907 2652 6212 43
43939 2652 6216 44
43971 2652 6220 44
44003 2652 6223 44
44035 2652 6227 50
44067 2652 6231 52
44099 2652 6235 50
44131 2652 6239 49
44163 2652 6242 51
44195 2652 6246 49
44227 2652 6250 49
44259 2652 6254 50
44291 2652 6257 49
44323 2652 6261 49
44355 2652 6265 49
44387 2652 6269 49
44419 2652 6273 49
44451 2652 6277 49
44483 2652 6281 48
44515 2652 6285 48
44547 2652 6290 48
44579 2652 6294 48
44611 2652 6298 47
44643 2652 6303 48
44675 2652 6307 48
44707 2652 6312 47
44739 2652 6316 48
44771 2652 6320 47
44803 2652 6325 47
44835 2652 6330 47
44867 2652 6335 47
44899 2652 6340 47
44931 2652 6345 47
44963 2652 6350 47
44995 2652 6354 47
45027 2652 6359 47
45059 2652 6363 48
45091 2652 6367 47
45123 2652 6372 47
45155 2652 6376 47
45187 2652 6380 47
45219 2652 6383 47
45251 2652 6387 47
45283 2653 6391 47
45315 2657 6395 47
45347 2663 6400 47
45379 2669 6404 47
45411 2677 6409 47
45443 2684 6415 47
45475 2691 6421 47
45507 2698 6427 47
45539 2705 6433 47
45571 2711 6440 47
45603 2718 6447 47
45635 2725 6453 48
45667 2731 6460 48
45699 2738 6467 48
45731 2744 6474 48
45763 2751 6480 48
45795 2757 6486 47
45827 2763 6492 47
45859 2769 6498 47
45891 2775 6504 47
45923 2781 6509 46
45955 2787 6515 46
45987 2793 6521 46
46019 2799 6527 46
46051 2805 6533 46
46083 2811 6538 46
46115 2817 6544 46
46147 2823 6550 45
46179 2829 6556 45
46211 2834 6561 45
46243 2840 6567 45
46275 2846 6572 45
46307 2852 6578 45
46339 2857 6583 46
46371 2863 6589 46
46403 2868 6595 46
46435 2874 6600 46
46467 2880 6606 46
46499 2885 6612 46
46531 2891 6618 46
46563 2897 6624 46
46595 2903 6630 46
46627 2909 6636 46
46659 2915 6643 46
46691 2922 6649 45
46723 2927 6655 45
46755 2933 6661 46
46787 2938 6667 46
46819 2940 6673 46
46851 2940 6680 46
46883 2940 6686 46
46915 2940 6692 46
46947 2940 6696 46
46979 2940 6701 46
47011 2940 6706 45
47043 2940 6712 46
47075 2940 6716 46
47107 2940 6721 46
47139 2940 6725 46
47171 2940 6730 46
47203 2940 6734 46
47235 2940 6738 46
47267 2940 6742 46
47299 2940 6746 46
47331 2940 6750 46
47363 2940 6755 46
47395 2940 6759 46
47427 2940 6763 47
47459 2940 6767 46
47491 2940 6771 46
47523 2940 6775 47
47555 2940 6779 47
47587 2940 6783 47
47619 2940 6787 47
47651 2940 6791 47
47683 2940 6794 47
47715 2940 6798 47
47747 2940 6802 47
47779 2940 6805 47
47811 2940 6809 47
47843 2940 6813 48
47875 2940 6816 48
47907 2940 6819 48
47939 2940 6823 48
